Using pre-set license
Built from '2020.2/release' branch; Version is '2020.2.1f1 (270dd8c3da1c) revision 2559448'; Using compiler version '192528614'; Build Type 'Release'
OS: 'Windows 10  (10.0.0) 64bit' Language: 'en' Physical Memory: 16303 MB
BatchMode: 1, IsHumanControllingUs: 0, StartBugReporterOnCrash: 0, Is64bit: 1, IsPro: 0

 COMMAND LINE ARGUMENTS:
C:\Program Files\Unity\Hub\Editor\2020.2.1f1\Editor\Unity.exe
-adb2
-batchMode
-noUpm
-name
AssetImportWorker0
-projectPath
N:/Program Files/Unity/Personals/Project Evangelion
-logFile
Logs/AssetImportWorker0.log
-srvPort
58784
Successfully changed project path to: N:/Program Files/Unity/Personals/Project Evangelion
N:/Program Files/Unity/Personals/Project Evangelion
Using Asset Import Pipeline V2.
Refreshing native plugins compatible for Editor in 22.96 ms, found 0 plugins.
Preloading 0 native plugins for Editor in 0.00 ms.
Initialize engine version: 2020.2.1f1 (270dd8c3da1c)
[Subsystems] Discovering subsystems at path C:/Program Files/Unity/Hub/Editor/2020.2.1f1/Editor/Data/Resources/UnitySubsystems
[Subsystems] Discovering subsystems at path N:/Program Files/Unity/Personals/Project Evangelion/Assets
GfxDevice: creating device client; threaded=0
Direct3D:
    Version:  Direct3D 11.0 [level 11.1]
    Renderer: NVIDIA GeForce GTX 1060 6GB (ID=0x1c03)
    Vendor:   
    VRAM:     6052 MB
    Driver:   30.0.14.7212
Initialize mono
Mono path[0] = 'C:/Program Files/Unity/Hub/Editor/2020.2.1f1/Editor/Data/Managed'
Mono path[1] = 'C:/Program Files/Unity/Hub/Editor/2020.2.1f1/Editor/Data/MonoBleedingEdge/lib/mono/unityjit'
Mono config path = 'C:/Program Files/Unity/Hub/Editor/2020.2.1f1/Editor/Data/MonoBleedingEdge/etc'
Using monoOptions --debugger-agent=transport=dt_socket,embedding=1,server=y,suspend=n,address=127.0.0.1:56268
Begin MonoManager ReloadAssembly
Registering precompiled unity dll's ...
Register platform support module: C:/Program Files/Unity/Hub/Editor/2020.2.1f1/Editor/Data/PlaybackEngines/WebGLSupport/UnityEditor.WebGL.Extensions.dll
Register platform support module: C:/Program Files/Unity/Hub/Editor/2020.2.1f1/Editor/Data/PlaybackEngines/WindowsStandaloneSupport/UnityEditor.WindowsStandalone.Extensions.dll
Registered in 0.002547 seconds.
Native extension for WindowsStandalone target not found
Native extension for WebGL target not found
Refreshing native plugins compatible for Editor in 22.63 ms, found 0 plugins.
Preloading 0 native plugins for Editor in 0.00 ms.
Invoked RoslynAnalysisRunner static constructor.
RoslynAnalysisRunner will not be running.
RoslynAnalysisRunner has terminated.
Mono: successfully reloaded assembly
- Completed reload, in  1.412 seconds
Platform modules already initialized, skipping
Registering precompiled user dll's ...
Registered in 0.000501 seconds.
Begin MonoManager ReloadAssembly
Native extension for WindowsStandalone target not found
Native extension for WebGL target not found
Refreshing native plugins compatible for Editor in 0.27 ms, found 0 plugins.
Preloading 0 native plugins for Editor in 0.00 ms.
Invoked RoslynAnalysisRunner static constructor.
RoslynAnalysisRunner will not be running.
RoslynAnalysisRunner has terminated.
Mono: successfully reloaded assembly
- Completed reload, in  1.131 seconds
Platform modules already initialized, skipping
========================================================================
Worker process is ready to serve import requests
Launched and connected shader compiler UnityShaderCompiler.exe after 0.03 seconds
Refreshing native plugins compatible for Editor in 0.20 ms, found 0 plugins.
Preloading 0 native plugins for Editor in 0.00 ms.
Unloading 1126 Unused Serialized files (Serialized files now loaded: 0)
System memory in use before: 130.9 MB.
System memory in use after: 131.0 MB.

Unloading 9 unused Assets to reduce memory usage. Loaded Objects now: 1575.
Total: 1.936500 ms (FindLiveObjects: 0.152900 ms CreateObjectMapping: 0.047200 ms MarkObjects: 1.676500 ms  DeleteObjects: 0.057700 ms)

========================================================================
Received Import Request.
  path: Assets/Resources/Scripts/ScoreManager.cs
  artifactKey: Guid(5bcd3ca5c0cd82e489c819bc5423ddf0) Importer(815301076,1909f56bfc062723c751e8b465ee728b)
Start importing Assets/Resources/Scripts/ScoreManager.cs using Guid(5bcd3ca5c0cd82e489c819bc5423ddf0) Importer(815301076,1909f56bfc062723c751e8b465ee728b)  -> (artifact id: '59e1ccbadce8604f78508b21e5080a6b') in 0.035128 seconds
  Import took 0.037020 seconds .

========================================================================
Received Prepare
Registering precompiled user dll's ...
Registered in 0.000532 seconds.
Begin MonoManager ReloadAssembly
Native extension for WindowsStandalone target not found
Native extension for WebGL target not found
Refreshing native plugins compatible for Editor in 0.19 ms, found 0 plugins.
Preloading 0 native plugins for Editor in 0.00 ms.
Invoked RoslynAnalysisRunner static constructor.
RoslynAnalysisRunner will not be running.
RoslynAnalysisRunner has terminated.
Mono: successfully reloaded assembly
- Completed reload, in  0.710 seconds
Platform modules already initialized, skipping
Refreshing native plugins compatible for Editor in 0.20 ms, found 0 plugins.
Preloading 0 native plugins for Editor in 0.00 ms.
Unloading 1107 Unused Serialized files (Serialized files now loaded: 0)
System memory in use before: 130.2 MB.
System memory in use after: 130.3 MB.

Unloading 4 unused Assets to reduce memory usage. Loaded Objects now: 1577.
Total: 1.447100 ms (FindLiveObjects: 0.110900 ms CreateObjectMapping: 0.031700 ms MarkObjects: 1.291000 ms  DeleteObjects: 0.012700 ms)

========================================================================
Received Import Request.
  Time since last request: 66.242224 seconds.
  path: Assets/Resources/Scripts/ScoreManager.cs
  artifactKey: Guid(5bcd3ca5c0cd82e489c819bc5423ddf0) Importer(815301076,1909f56bfc062723c751e8b465ee728b)
Start importing Assets/Resources/Scripts/ScoreManager.cs using Guid(5bcd3ca5c0cd82e489c819bc5423ddf0) Importer(815301076,1909f56bfc062723c751e8b465ee728b)  -> (artifact id: 'ba739983326491ee99007e59fd39ecec') in 0.003219 seconds
  Import took 0.015691 seconds .

========================================================================
Received Prepare
Registering precompiled user dll's ...
Registered in 0.000526 seconds.
Begin MonoManager ReloadAssembly
Native extension for WindowsStandalone target not found
Native extension for WebGL target not found
Refreshing native plugins compatible for Editor in 0.20 ms, found 0 plugins.
Preloading 0 native plugins for Editor in 0.00 ms.
Invoked RoslynAnalysisRunner static constructor.
RoslynAnalysisRunner will not be running.
RoslynAnalysisRunner has terminated.
Mono: successfully reloaded assembly
- Completed reload, in  0.708 seconds
Platform modules already initialized, skipping
Refreshing native plugins compatible for Editor in 0.19 ms, found 0 plugins.
Preloading 0 native plugins for Editor in 0.00 ms.
Unloading 1107 Unused Serialized files (Serialized files now loaded: 0)
System memory in use before: 131.0 MB.
System memory in use after: 131.1 MB.

Unloading 4 unused Assets to reduce memory usage. Loaded Objects now: 1579.
Total: 1.533600 ms (FindLiveObjects: 0.120500 ms CreateObjectMapping: 0.038500 ms MarkObjects: 1.361000 ms  DeleteObjects: 0.012600 ms)

========================================================================
Received Prepare
Registering precompiled user dll's ...
Registered in 0.000557 seconds.
Begin MonoManager ReloadAssembly
Native extension for WindowsStandalone target not found
Native extension for WebGL target not found
Refreshing native plugins compatible for Editor in 0.20 ms, found 0 plugins.
Preloading 0 native plugins for Editor in 0.00 ms.
Invoked RoslynAnalysisRunner static constructor.
RoslynAnalysisRunner will not be running.
RoslynAnalysisRunner has terminated.
Mono: successfully reloaded assembly
- Completed reload, in  0.709 seconds
Platform modules already initialized, skipping
Refreshing native plugins compatible for Editor in 0.19 ms, found 0 plugins.
Preloading 0 native plugins for Editor in 0.00 ms.
Unloading 1107 Unused Serialized files (Serialized files now loaded: 0)
System memory in use before: 131.2 MB.
System memory in use after: 131.3 MB.

Unloading 4 unused Assets to reduce memory usage. Loaded Objects now: 1581.
Total: 1.555300 ms (FindLiveObjects: 0.128900 ms CreateObjectMapping: 0.033900 ms MarkObjects: 1.378600 ms  DeleteObjects: 0.012800 ms)

========================================================================
Received Prepare
Registering precompiled user dll's ...
Registered in 0.000532 seconds.
Begin MonoManager ReloadAssembly
Native extension for WindowsStandalone target not found
Native extension for WebGL target not found
Refreshing native plugins compatible for Editor in 0.21 ms, found 0 plugins.
Preloading 0 native plugins for Editor in 0.00 ms.
Invoked RoslynAnalysisRunner static constructor.
RoslynAnalysisRunner will not be running.
RoslynAnalysisRunner has terminated.
Mono: successfully reloaded assembly
- Completed reload, in  0.702 seconds
Platform modules already initialized, skipping
Refreshing native plugins compatible for Editor in 0.20 ms, found 0 plugins.
Preloading 0 native plugins for Editor in 0.00 ms.
Unloading 1107 Unused Serialized files (Serialized files now loaded: 0)
System memory in use before: 131.2 MB.
System memory in use after: 131.3 MB.

Unloading 4 unused Assets to reduce memory usage. Loaded Objects now: 1583.
Total: 1.704500 ms (FindLiveObjects: 0.191700 ms CreateObjectMapping: 0.270400 ms MarkObjects: 1.226400 ms  DeleteObjects: 0.014800 ms)

========================================================================
Received Prepare
Registering precompiled user dll's ...
Registered in 0.000496 seconds.
Begin MonoManager ReloadAssembly
Native extension for WindowsStandalone target not found
Native extension for WebGL target not found
Refreshing native plugins compatible for Editor in 0.20 ms, found 0 plugins.
Preloading 0 native plugins for Editor in 0.00 ms.
Invoked RoslynAnalysisRunner static constructor.
RoslynAnalysisRunner will not be running.
RoslynAnalysisRunner has terminated.
Mono: successfully reloaded assembly
- Completed reload, in  0.702 seconds
Platform modules already initialized, skipping
Refreshing native plugins compatible for Editor in 0.19 ms, found 0 plugins.
Preloading 0 native plugins for Editor in 0.00 ms.
Unloading 1107 Unused Serialized files (Serialized files now loaded: 0)
System memory in use before: 130.9 MB.
System memory in use after: 131.0 MB.

Unloading 4 unused Assets to reduce memory usage. Loaded Objects now: 1585.
Total: 2.300200 ms (FindLiveObjects: 0.138300 ms CreateObjectMapping: 0.043800 ms MarkObjects: 2.102600 ms  DeleteObjects: 0.014300 ms)

========================================================================
Received Prepare
Registering precompiled user dll's ...
Registered in 0.000519 seconds.
Begin MonoManager ReloadAssembly
Native extension for WindowsStandalone target not found
Native extension for WebGL target not found
Refreshing native plugins compatible for Editor in 0.20 ms, found 0 plugins.
Preloading 0 native plugins for Editor in 0.00 ms.
Invoked RoslynAnalysisRunner static constructor.
RoslynAnalysisRunner will not be running.
RoslynAnalysisRunner has terminated.
Mono: successfully reloaded assembly
- Completed reload, in  0.708 seconds
Platform modules already initialized, skipping
Refreshing native plugins compatible for Editor in 0.21 ms, found 0 plugins.
Preloading 0 native plugins for Editor in 0.00 ms.
Unloading 1107 Unused Serialized files (Serialized files now loaded: 0)
System memory in use before: 131.2 MB.
System memory in use after: 131.3 MB.

Unloading 4 unused Assets to reduce memory usage. Loaded Objects now: 1587.
Total: 1.352900 ms (FindLiveObjects: 0.116700 ms CreateObjectMapping: 0.033900 ms MarkObjects: 1.189700 ms  DeleteObjects: 0.011600 ms)

========================================================================
Received Prepare
Registering precompiled user dll's ...
Registered in 0.000475 seconds.
Begin MonoManager ReloadAssembly
Native extension for WindowsStandalone target not found
Native extension for WebGL target not found
Refreshing native plugins compatible for Editor in 0.19 ms, found 0 plugins.
Preloading 0 native plugins for Editor in 0.00 ms.
Invoked RoslynAnalysisRunner static constructor.
RoslynAnalysisRunner will not be running.
RoslynAnalysisRunner has terminated.
Mono: successfully reloaded assembly
- Completed reload, in  0.700 seconds
Platform modules already initialized, skipping
Refreshing native plugins compatible for Editor in 0.20 ms, found 0 plugins.
Preloading 0 native plugins for Editor in 0.00 ms.
Unloading 1107 Unused Serialized files (Serialized files now loaded: 0)
System memory in use before: 131.1 MB.
System memory in use after: 131.2 MB.

Unloading 4 unused Assets to reduce memory usage. Loaded Objects now: 1589.
Total: 1.580500 ms (FindLiveObjects: 0.128200 ms CreateObjectMapping: 0.037300 ms MarkObjects: 1.400100 ms  DeleteObjects: 0.014100 ms)

========================================================================
Received Prepare
Registering precompiled user dll's ...
Registered in 0.000513 seconds.
Begin MonoManager ReloadAssembly
Native extension for WindowsStandalone target not found
Native extension for WebGL target not found
Refreshing native plugins compatible for Editor in 0.20 ms, found 0 plugins.
Preloading 0 native plugins for Editor in 0.00 ms.
Invoked RoslynAnalysisRunner static constructor.
RoslynAnalysisRunner will not be running.
RoslynAnalysisRunner has terminated.
Mono: successfully reloaded assembly
- Completed reload, in  0.717 seconds
Platform modules already initialized, skipping
Refreshing native plugins compatible for Editor in 0.20 ms, found 0 plugins.
Preloading 0 native plugins for Editor in 0.00 ms.
Unloading 1107 Unused Serialized files (Serialized files now loaded: 0)
System memory in use before: 131.2 MB.
System memory in use after: 131.3 MB.

Unloading 4 unused Assets to reduce memory usage. Loaded Objects now: 1591.
Total: 1.409100 ms (FindLiveObjects: 0.118300 ms CreateObjectMapping: 0.031900 ms MarkObjects: 1.245000 ms  DeleteObjects: 0.012900 ms)

========================================================================
Received Prepare
Registering precompiled user dll's ...
Registered in 0.000530 seconds.
Begin MonoManager ReloadAssembly
Native extension for WindowsStandalone target not found
Native extension for WebGL target not found
Refreshing native plugins compatible for Editor in 0.20 ms, found 0 plugins.
Preloading 0 native plugins for Editor in 0.00 ms.
Invoked RoslynAnalysisRunner static constructor.
RoslynAnalysisRunner will not be running.
RoslynAnalysisRunner has terminated.
Mono: successfully reloaded assembly
- Completed reload, in  0.700 seconds
Platform modules already initialized, skipping
Refreshing native plugins compatible for Editor in 0.20 ms, found 0 plugins.
Preloading 0 native plugins for Editor in 0.00 ms.
Unloading 1107 Unused Serialized files (Serialized files now loaded: 0)
System memory in use before: 131.2 MB.
System memory in use after: 131.3 MB.

Unloading 4 unused Assets to reduce memory usage. Loaded Objects now: 1593.
Total: 1.573100 ms (FindLiveObjects: 0.124800 ms CreateObjectMapping: 0.035500 ms MarkObjects: 1.398000 ms  DeleteObjects: 0.013900 ms)

========================================================================
Received Prepare
Registering precompiled user dll's ...
Registered in 0.000496 seconds.
Begin MonoManager ReloadAssembly
Native extension for WindowsStandalone target not found
Native extension for WebGL target not found
Refreshing native plugins compatible for Editor in 0.21 ms, found 0 plugins.
Preloading 0 native plugins for Editor in 0.00 ms.
Invoked RoslynAnalysisRunner static constructor.
RoslynAnalysisRunner will not be running.
RoslynAnalysisRunner has terminated.
Mono: successfully reloaded assembly
- Completed reload, in  0.709 seconds
Platform modules already initialized, skipping
Refreshing native plugins compatible for Editor in 0.19 ms, found 0 plugins.
Preloading 0 native plugins for Editor in 0.00 ms.
Unloading 1107 Unused Serialized files (Serialized files now loaded: 0)
System memory in use before: 131.0 MB.
System memory in use after: 131.1 MB.

Unloading 4 unused Assets to reduce memory usage. Loaded Objects now: 1595.
Total: 1.528200 ms (FindLiveObjects: 0.117900 ms CreateObjectMapping: 0.030000 ms MarkObjects: 1.365900 ms  DeleteObjects: 0.013300 ms)

========================================================================
Received Prepare
Registering precompiled user dll's ...
Registered in 0.000607 seconds.
Begin MonoManager ReloadAssembly
Native extension for WindowsStandalone target not found
Native extension for WebGL target not found
Refreshing native plugins compatible for Editor in 0.19 ms, found 0 plugins.
Preloading 0 native plugins for Editor in 0.00 ms.
Invoked RoslynAnalysisRunner static constructor.
RoslynAnalysisRunner will not be running.
RoslynAnalysisRunner has terminated.
Mono: successfully reloaded assembly
- Completed reload, in  0.691 seconds
Platform modules already initialized, skipping
Refreshing native plugins compatible for Editor in 0.20 ms, found 0 plugins.
Preloading 0 native plugins for Editor in 0.00 ms.
Unloading 1107 Unused Serialized files (Serialized files now loaded: 0)
System memory in use before: 131.2 MB.
System memory in use after: 131.3 MB.

Unloading 4 unused Assets to reduce memory usage. Loaded Objects now: 1597.
Total: 1.776800 ms (FindLiveObjects: 0.134200 ms CreateObjectMapping: 0.038600 ms MarkObjects: 1.587500 ms  DeleteObjects: 0.015400 ms)

========================================================================
Received Prepare
Registering precompiled user dll's ...
Registered in 0.000508 seconds.
Begin MonoManager ReloadAssembly
Native extension for WindowsStandalone target not found
Native extension for WebGL target not found
Refreshing native plugins compatible for Editor in 0.19 ms, found 0 plugins.
Preloading 0 native plugins for Editor in 0.00 ms.
Invoked RoslynAnalysisRunner static constructor.
RoslynAnalysisRunner will not be running.
RoslynAnalysisRunner has terminated.
Mono: successfully reloaded assembly
- Completed reload, in  0.703 seconds
Platform modules already initialized, skipping
Refreshing native plugins compatible for Editor in 0.20 ms, found 0 plugins.
Preloading 0 native plugins for Editor in 0.00 ms.
Unloading 1107 Unused Serialized files (Serialized files now loaded: 0)
System memory in use before: 131.2 MB.
System memory in use after: 131.3 MB.

Unloading 4 unused Assets to reduce memory usage. Loaded Objects now: 1599.
Total: 1.533100 ms (FindLiveObjects: 0.119200 ms CreateObjectMapping: 0.033200 ms MarkObjects: 1.366100 ms  DeleteObjects: 0.013300 ms)

========================================================================
Received Prepare
Registering precompiled user dll's ...
Registered in 0.000556 seconds.
Begin MonoManager ReloadAssembly
Native extension for WindowsStandalone target not found
Native extension for WebGL target not found
Refreshing native plugins compatible for Editor in 0.19 ms, found 0 plugins.
Preloading 0 native plugins for Editor in 0.00 ms.
Invoked RoslynAnalysisRunner static constructor.
RoslynAnalysisRunner will not be running.
RoslynAnalysisRunner has terminated.
Mono: successfully reloaded assembly
- Completed reload, in  0.713 seconds
Platform modules already initialized, skipping
Refreshing native plugins compatible for Editor in 0.20 ms, found 0 plugins.
Preloading 0 native plugins for Editor in 0.00 ms.
Unloading 1107 Unused Serialized files (Serialized files now loaded: 0)
System memory in use before: 131.2 MB.
System memory in use after: 131.3 MB.

Unloading 4 unused Assets to reduce memory usage. Loaded Objects now: 1601.
Total: 1.439900 ms (FindLiveObjects: 0.137600 ms CreateObjectMapping: 0.034600 ms MarkObjects: 1.252100 ms  DeleteObjects: 0.014300 ms)

========================================================================
Received Prepare
Registering precompiled user dll's ...
Registered in 0.000515 seconds.
Begin MonoManager ReloadAssembly
Native extension for WindowsStandalone target not found
Native extension for WebGL target not found
Refreshing native plugins compatible for Editor in 0.19 ms, found 0 plugins.
Preloading 0 native plugins for Editor in 0.00 ms.
Invoked RoslynAnalysisRunner static constructor.
RoslynAnalysisRunner will not be running.
RoslynAnalysisRunner has terminated.
Mono: successfully reloaded assembly
- Completed reload, in  0.691 seconds
Platform modules already initialized, skipping
Refreshing native plugins compatible for Editor in 0.20 ms, found 0 plugins.
Preloading 0 native plugins for Editor in 0.00 ms.
Unloading 1107 Unused Serialized files (Serialized files now loaded: 0)
System memory in use before: 131.3 MB.
System memory in use after: 131.4 MB.

Unloading 4 unused Assets to reduce memory usage. Loaded Objects now: 1603.
Total: 1.458300 ms (FindLiveObjects: 0.116200 ms CreateObjectMapping: 0.031400 ms MarkObjects: 1.297000 ms  DeleteObjects: 0.012800 ms)

========================================================================
Received Prepare
Registering precompiled user dll's ...
Registered in 0.000515 seconds.
Begin MonoManager ReloadAssembly
Native extension for WindowsStandalone target not found
Native extension for WebGL target not found
Refreshing native plugins compatible for Editor in 0.19 ms, found 0 plugins.
Preloading 0 native plugins for Editor in 0.00 ms.
Invoked RoslynAnalysisRunner static constructor.
RoslynAnalysisRunner will not be running.
RoslynAnalysisRunner has terminated.
Mono: successfully reloaded assembly
- Completed reload, in  0.713 seconds
Platform modules already initialized, skipping
Refreshing native plugins compatible for Editor in 0.19 ms, found 0 plugins.
Preloading 0 native plugins for Editor in 0.00 ms.
Unloading 1107 Unused Serialized files (Serialized files now loaded: 0)
System memory in use before: 131.1 MB.
System memory in use after: 131.2 MB.

Unloading 4 unused Assets to reduce memory usage. Loaded Objects now: 1605.
Total: 1.523700 ms (FindLiveObjects: 0.119000 ms CreateObjectMapping: 0.034800 ms MarkObjects: 1.356100 ms  DeleteObjects: 0.013100 ms)

========================================================================
Received Prepare
Registering precompiled user dll's ...
Registered in 0.000444 seconds.
Begin MonoManager ReloadAssembly
Native extension for WindowsStandalone target not found
Native extension for WebGL target not found
Refreshing native plugins compatible for Editor in 0.19 ms, found 0 plugins.
Preloading 0 native plugins for Editor in 0.00 ms.
Invoked RoslynAnalysisRunner static constructor.
RoslynAnalysisRunner will not be running.
RoslynAnalysisRunner has terminated.
Mono: successfully reloaded assembly
- Completed reload, in  0.697 seconds
Platform modules already initialized, skipping
Refreshing native plugins compatible for Editor in 0.19 ms, found 0 plugins.
Preloading 0 native plugins for Editor in 0.00 ms.
Unloading 1107 Unused Serialized files (Serialized files now loaded: 0)
System memory in use before: 131.3 MB.
System memory in use after: 131.4 MB.

Unloading 4 unused Assets to reduce memory usage. Loaded Objects now: 1607.
Total: 1.504900 ms (FindLiveObjects: 0.121000 ms CreateObjectMapping: 0.039300 ms MarkObjects: 1.331500 ms  DeleteObjects: 0.012200 ms)

========================================================================
Received Import Request.
  Time since last request: 11314.915022 seconds.
  path: ProjectSettings/TagManager.asset
  artifactKey: Guid(00000000000000003000000000000000) Importer(815301076,1909f56bfc062723c751e8b465ee728b)
Start importing ProjectSettings/TagManager.asset using Guid(00000000000000003000000000000000) Importer(815301076,1909f56bfc062723c751e8b465ee728b)  -> (artifact id: 'd9e3ff3b3d8513d7bf4eb34fe9c73b75') in 0.041481 seconds
  Import took 0.046012 seconds .

========================================================================
Received Import Request.
  Time since last request: 612.388996 seconds.
  path: Assets/Resources/Prefabs/Player/player_sprite.png
  artifactKey: Guid(1ad7dd00649853a469ae37dd42e02de3) Importer(815301076,1909f56bfc062723c751e8b465ee728b)
Start importing Assets/Resources/Prefabs/Player/player_sprite.png using Guid(1ad7dd00649853a469ae37dd42e02de3) Importer(815301076,1909f56bfc062723c751e8b465ee728b)  -> (artifact id: '9a93890e10771c78ac25dcf7a881acae') in 0.091838 seconds
  Import took 0.102878 seconds .

========================================================================
Received Import Request.
  Time since last request: 10.241496 seconds.
  path: Assets/Resources/Prefabs/Player/player_sprite.png
  artifactKey: Guid(1ad7dd00649853a469ae37dd42e02de3) Importer(815301076,1909f56bfc062723c751e8b465ee728b)
Start importing Assets/Resources/Prefabs/Player/player_sprite.png using Guid(1ad7dd00649853a469ae37dd42e02de3) Importer(815301076,1909f56bfc062723c751e8b465ee728b)  -> (artifact id: '5cffc4df6fc608a6ef0dc36425ada607') in 0.055848 seconds
  Import took 0.057838 seconds .

========================================================================
Received Import Request.
  Time since last request: 951.566004 seconds.
  path: Assets/Resources/Prefabs/Player/P-red-b3.png
  artifactKey: Guid(bae4196ff7531c04ab5b56b61067e054) Importer(815301076,1909f56bfc062723c751e8b465ee728b)
Start importing Assets/Resources/Prefabs/Player/P-red-b3.png using Guid(bae4196ff7531c04ab5b56b61067e054) Importer(815301076,1909f56bfc062723c751e8b465ee728b)  -> (artifact id: '3866bb7836791a5450bda3703ddc12ae') in 0.023983 seconds
  Import took 0.035244 seconds .

========================================================================
Received Import Request.
  Time since last request: 6.868538 seconds.
  path: Assets/Resources/Prefabs/Player/P-red-b3.png
  artifactKey: Guid(bae4196ff7531c04ab5b56b61067e054) Importer(815301076,1909f56bfc062723c751e8b465ee728b)
Start importing Assets/Resources/Prefabs/Player/P-red-b3.png using Guid(bae4196ff7531c04ab5b56b61067e054) Importer(815301076,1909f56bfc062723c751e8b465ee728b)  -> (artifact id: 'c7b7d919b7144db889e46132040cec34') in 0.034393 seconds
  Import took 0.043311 seconds .

========================================================================
Received Import Request.
  Time since last request: 299.777734 seconds.
  path: Assets/Resources/Prefabs/Player/Player_Ship.prefab
  artifactKey: Guid(1b86bb9ad39b88842b3fafb2f6178a92) Importer(815301076,1909f56bfc062723c751e8b465ee728b)
Start importing Assets/Resources/Prefabs/Player/Player_Ship.prefab using Guid(1b86bb9ad39b88842b3fafb2f6178a92) Importer(815301076,1909f56bfc062723c751e8b465ee728b)  -> (artifact id: '2ca4545e8a83e9d6737b36bacdb5b9d0') in 0.096041 seconds
  Import took 0.098982 seconds .

========================================================================
Received Import Request.
  Time since last request: 0.000235 seconds.
  path: Assets/Resources/Prefabs/Player/PlayerSpawner.prefab
  artifactKey: Guid(4a206f3bf3f149b439141120d76abf23) Importer(815301076,1909f56bfc062723c751e8b465ee728b)
Start importing Assets/Resources/Prefabs/Player/PlayerSpawner.prefab using Guid(4a206f3bf3f149b439141120d76abf23) Importer(815301076,1909f56bfc062723c751e8b465ee728b)  -> (artifact id: 'b4cdfd7dc76b664192d6a1d3ffaa3d87') in 0.041704 seconds
  Import took 0.044221 seconds .

========================================================================
Received Import Request.
  Time since last request: 91.332622 seconds.
  path: Assets/Resources/Prefabs/Enemies/Enemy Cube.prefab
  artifactKey: Guid(996f3c9b6aaaa7f4eb9dfe72602386ef) Importer(815301076,1909f56bfc062723c751e8b465ee728b)
Start importing Assets/Resources/Prefabs/Enemies/Enemy Cube.prefab using Guid(996f3c9b6aaaa7f4eb9dfe72602386ef) Importer(815301076,1909f56bfc062723c751e8b465ee728b)  -> (artifact id: '390381d51140f6377c4db350b7ffd832') in 0.026552 seconds
  Import took 0.028565 seconds .

========================================================================
Received Import Request.
  Time since last request: 71.944714 seconds.
  path: Assets/Resources/Texture
  artifactKey: Guid(b61aa076aa3ab2c41ba54f0a79b91759) Importer(815301076,1909f56bfc062723c751e8b465ee728b)
Start importing Assets/Resources/Texture using Guid(b61aa076aa3ab2c41ba54f0a79b91759) Importer(815301076,1909f56bfc062723c751e8b465ee728b)  -> (artifact id: 'c7484863591e01f8cbaf3eae3ff040fa') in 0.008743 seconds
  Import took 0.015365 seconds .

========================================================================
Received Import Request.
  Time since last request: 17.311241 seconds.
  path: Assets/Resources/Texture/Radar.renderTexture
  artifactKey: Guid(1efbd573d180e4242953925690653c34) Importer(815301076,1909f56bfc062723c751e8b465ee728b)
Start importing Assets/Resources/Texture/Radar.renderTexture using Guid(1efbd573d180e4242953925690653c34) Importer(815301076,1909f56bfc062723c751e8b465ee728b)  -> (artifact id: '57cdde25b1170259110c9c5458c43383') in 0.027596 seconds
  Import took 0.041425 seconds .

========================================================================
Received Import Request.
  Time since last request: 4933.380329 seconds.
  path: Assets/TextMesh Pro/Resources/Fonts & Materials/8-bit pusab SDF.asset
  artifactKey: Guid(718a668f3ce578f4bad9b966524803ae) Importer(815301076,1909f56bfc062723c751e8b465ee728b)
Start importing Assets/TextMesh Pro/Resources/Fonts & Materials/8-bit pusab SDF.asset using Guid(718a668f3ce578f4bad9b966524803ae) Importer(815301076,1909f56bfc062723c751e8b465ee728b)  -> (artifact id: 'ed9be36f1360c6e990b3535cbcb232c2') in 0.103479 seconds
  Import took 0.116390 seconds .

========================================================================
Received Import Request.
  Time since last request: 0.000256 seconds.
  path: Assets/TextMesh Pro/Sprites/EmojiOne.png
  artifactKey: Guid(dffef66376be4fa480fb02b19edbe903) Importer(815301076,1909f56bfc062723c751e8b465ee728b)
Start importing Assets/TextMesh Pro/Sprites/EmojiOne.png using Guid(dffef66376be4fa480fb02b19edbe903) Importer(815301076,1909f56bfc062723c751e8b465ee728b)  -> (artifact id: '60092c3309a941ff959e93e499aebe67') in 0.020282 seconds
  Import took 0.031858 seconds .

========================================================================
Received Import Request.
  Time since last request: 0.000312 seconds.
  path: Assets/TextMesh Pro/Resources/Fonts & Materials/8-bit pusab SDF.asset
  artifactKey: Guid(718a668f3ce578f4bad9b966524803ae) Importer(815301076,1909f56bfc062723c751e8b465ee728b)
Start importing Assets/TextMesh Pro/Resources/Fonts & Materials/8-bit pusab SDF.asset using Guid(718a668f3ce578f4bad9b966524803ae) Importer(815301076,1909f56bfc062723c751e8b465ee728b)  -> (artifact id: 'ed9be36f1360c6e990b3535cbcb232c2') in 0.028979 seconds
  Import took 0.030869 seconds .

========================================================================
Received Import Request.
  Time since last request: 0.000252 seconds.
  path: Assets/TextMesh Pro/Sprites/EmojiOne.png
  artifactKey: Guid(dffef66376be4fa480fb02b19edbe903) Importer(815301076,1909f56bfc062723c751e8b465ee728b)
Start importing Assets/TextMesh Pro/Sprites/EmojiOne.png using Guid(dffef66376be4fa480fb02b19edbe903) Importer(815301076,1909f56bfc062723c751e8b465ee728b)  -> (artifact id: '60092c3309a941ff959e93e499aebe67') in 0.010356 seconds
  Import took 0.012070 seconds .

========================================================================
Received Import Request.
  Time since last request: 615.668242 seconds.
  path: Assets/Resources/Prefabs/Main Camera.prefab
  artifactKey: Guid(3bac6dc39d59e66408eaec69b960d7d2) Importer(815301076,1909f56bfc062723c751e8b465ee728b)
Start importing Assets/Resources/Prefabs/Main Camera.prefab using Guid(3bac6dc39d59e66408eaec69b960d7d2) Importer(815301076,1909f56bfc062723c751e8b465ee728b)  -> (artifact id: 'd67e553ba59e2104a85e73ad15fc5076') in 0.014417 seconds
  Import took 0.016677 seconds .

========================================================================
Received Import Request.
  Time since last request: 34.103792 seconds.
  path: Assets/Resources/Prefabs/Player/Player_Ship.prefab
  artifactKey: Guid(1b86bb9ad39b88842b3fafb2f6178a92) Importer(815301076,1909f56bfc062723c751e8b465ee728b)
Start importing Assets/Resources/Prefabs/Player/Player_Ship.prefab using Guid(1b86bb9ad39b88842b3fafb2f6178a92) Importer(815301076,1909f56bfc062723c751e8b465ee728b)  -> (artifact id: 'f1ad35803c09e5f0bd12f7fe96642200') in 0.038335 seconds
  Import took 0.051801 seconds .

========================================================================
Received Import Request.
  Time since last request: 0.000258 seconds.
  path: Assets/Resources/Prefabs/Player/PlayerSpawner.prefab
  artifactKey: Guid(4a206f3bf3f149b439141120d76abf23) Importer(815301076,1909f56bfc062723c751e8b465ee728b)
Start importing Assets/Resources/Prefabs/Player/PlayerSpawner.prefab using Guid(4a206f3bf3f149b439141120d76abf23) Importer(815301076,1909f56bfc062723c751e8b465ee728b)  -> (artifact id: '3c7fa41c02f44ef0b7da63da5a5bb644') in 0.025639 seconds
  Import took 0.027890 seconds .

========================================================================
Received Import Request.
  Time since last request: 3.765128 seconds.
  path: Assets/Resources/Prefabs/Player/Player_Ship.prefab
  artifactKey: Guid(1b86bb9ad39b88842b3fafb2f6178a92) Importer(815301076,1909f56bfc062723c751e8b465ee728b)
Start importing Assets/Resources/Prefabs/Player/Player_Ship.prefab using Guid(1b86bb9ad39b88842b3fafb2f6178a92) Importer(815301076,1909f56bfc062723c751e8b465ee728b)  -> (artifact id: 'ad1d6093de7a3adf62f14baba7855ee7') in 0.020822 seconds
  Import took 0.031773 seconds .

========================================================================
Received Import Request.
  Time since last request: 0.000259 seconds.
  path: Assets/Resources/Prefabs/Player/PlayerSpawner.prefab
  artifactKey: Guid(4a206f3bf3f149b439141120d76abf23) Importer(815301076,1909f56bfc062723c751e8b465ee728b)
Start importing Assets/Resources/Prefabs/Player/PlayerSpawner.prefab using Guid(4a206f3bf3f149b439141120d76abf23) Importer(815301076,1909f56bfc062723c751e8b465ee728b)  -> (artifact id: '4b246d42e5032af971866b58a07262ad') in 0.021374 seconds
  Import took 0.030922 seconds .

========================================================================
Received Prepare
Registering precompiled user dll's ...
Registered in 0.000545 seconds.
Begin MonoManager ReloadAssembly
Native extension for WindowsStandalone target not found
Native extension for WebGL target not found
Refreshing native plugins compatible for Editor in 0.23 ms, found 0 plugins.
Preloading 0 native plugins for Editor in 0.00 ms.
Invoked RoslynAnalysisRunner static constructor.
RoslynAnalysisRunner will not be running.
RoslynAnalysisRunner has terminated.
Mono: successfully reloaded assembly
- Completed reload, in  0.796 seconds
Platform modules already initialized, skipping
Refreshing native plugins compatible for Editor in 0.22 ms, found 0 plugins.
Preloading 0 native plugins for Editor in 0.00 ms.
Unloading 1107 Unused Serialized files (Serialized files now loaded: 0)
System memory in use before: 134.8 MB.
System memory in use after: 134.9 MB.

Unloading 8 unused Assets to reduce memory usage. Loaded Objects now: 1656.
Total: 1.521400 ms (FindLiveObjects: 0.126300 ms CreateObjectMapping: 0.034800 ms MarkObjects: 1.305800 ms  DeleteObjects: 0.053500 ms)

========================================================================
Received Import Request.
  Time since last request: 21.510497 seconds.
  path: Assets/Resources/Prefabs/Player/PlayerSpawner.prefab
  artifactKey: Guid(4a206f3bf3f149b439141120d76abf23) Importer(815301076,1909f56bfc062723c751e8b465ee728b)
Start importing Assets/Resources/Prefabs/Player/PlayerSpawner.prefab using Guid(4a206f3bf3f149b439141120d76abf23) Importer(815301076,1909f56bfc062723c751e8b465ee728b)  -> (artifact id: 'ca6fd1accb541254a570e359bfcc0d02') in 0.078758 seconds
  Import took 0.102371 seconds .

========================================================================
Received Import Request.
  Time since last request: 0.000233 seconds.
  path: Assets/Resources/Prefabs/Player/Player_Ship.prefab
  artifactKey: Guid(1b86bb9ad39b88842b3fafb2f6178a92) Importer(815301076,1909f56bfc062723c751e8b465ee728b)
Start importing Assets/Resources/Prefabs/Player/Player_Ship.prefab using Guid(1b86bb9ad39b88842b3fafb2f6178a92) Importer(815301076,1909f56bfc062723c751e8b465ee728b)  -> (artifact id: '9afebe1bd2e76bb632ae96993bc39a23') in 0.020380 seconds
  Import took 0.022675 seconds .

========================================================================
Received Import Request.
  Time since last request: 10.762870 seconds.
  path: Assets/Resources/Prefabs/Enemies/Enemy Cube.prefab
  artifactKey: Guid(996f3c9b6aaaa7f4eb9dfe72602386ef) Importer(815301076,1909f56bfc062723c751e8b465ee728b)
Start importing Assets/Resources/Prefabs/Enemies/Enemy Cube.prefab using Guid(996f3c9b6aaaa7f4eb9dfe72602386ef) Importer(815301076,1909f56bfc062723c751e8b465ee728b)  -> (artifact id: '3b50ae9fe61889432c1303e2006ae400') in 0.008853 seconds
  Import took 0.010875 seconds .

========================================================================
Received Prepare
Registering precompiled user dll's ...
Registered in 0.000580 seconds.
Begin MonoManager ReloadAssembly
Native extension for WindowsStandalone target not found
Native extension for WebGL target not found
Refreshing native plugins compatible for Editor in 0.19 ms, found 0 plugins.
Preloading 0 native plugins for Editor in 0.00 ms.
Invoked RoslynAnalysisRunner static constructor.
RoslynAnalysisRunner will not be running.
RoslynAnalysisRunner has terminated.
Mono: successfully reloaded assembly
- Completed reload, in  0.707 seconds
Platform modules already initialized, skipping
Refreshing native plugins compatible for Editor in 0.20 ms, found 0 plugins.
Preloading 0 native plugins for Editor in 0.00 ms.
Unloading 1107 Unused Serialized files (Serialized files now loaded: 0)
System memory in use before: 134.4 MB.
System memory in use after: 134.5 MB.

Unloading 7 unused Assets to reduce memory usage. Loaded Objects now: 1659.
Total: 1.546600 ms (FindLiveObjects: 0.138700 ms CreateObjectMapping: 0.040700 ms MarkObjects: 1.310800 ms  DeleteObjects: 0.055400 ms)

========================================================================
Received Import Request.
  Time since last request: 149.092964 seconds.
  path: Assets/Resources/Prefabs/Player/Player_Ship.prefab
  artifactKey: Guid(1b86bb9ad39b88842b3fafb2f6178a92) Importer(815301076,1909f56bfc062723c751e8b465ee728b)
Start importing Assets/Resources/Prefabs/Player/Player_Ship.prefab using Guid(1b86bb9ad39b88842b3fafb2f6178a92) Importer(815301076,1909f56bfc062723c751e8b465ee728b)  -> (artifact id: '6d3805c281db142736273380c223ebdf') in 0.071077 seconds
  Import took 0.073664 seconds .

========================================================================
Received Import Request.
  Time since last request: 0.000287 seconds.
  path: Assets/Resources/Prefabs/Player/PlayerSpawner.prefab
  artifactKey: Guid(4a206f3bf3f149b439141120d76abf23) Importer(815301076,1909f56bfc062723c751e8b465ee728b)
Start importing Assets/Resources/Prefabs/Player/PlayerSpawner.prefab using Guid(4a206f3bf3f149b439141120d76abf23) Importer(815301076,1909f56bfc062723c751e8b465ee728b)  -> (artifact id: 'e1e1809f313278bc66674ab73b70765e') in 0.018758 seconds
  Import took 0.030506 seconds .

========================================================================
Received Import Request.
  Time since last request: 0.002658 seconds.
  path: Assets/Resources/Prefabs/Player/PlayerSpawner.prefab
  artifactKey: Guid(4a206f3bf3f149b439141120d76abf23) Importer(815301076,1909f56bfc062723c751e8b465ee728b)
Start importing Assets/Resources/Prefabs/Player/PlayerSpawner.prefab using Guid(4a206f3bf3f149b439141120d76abf23) Importer(815301076,1909f56bfc062723c751e8b465ee728b)  -> (artifact id: 'e1e1809f313278bc66674ab73b70765e') in 0.021204 seconds
  Import took 0.023810 seconds .

========================================================================
Received Import Request.
  Time since last request: 5.204297 seconds.
  path: Assets/Resources/Prefabs/Player/Player_Ship.prefab
  artifactKey: Guid(1b86bb9ad39b88842b3fafb2f6178a92) Importer(815301076,1909f56bfc062723c751e8b465ee728b)
Start importing Assets/Resources/Prefabs/Player/Player_Ship.prefab using Guid(1b86bb9ad39b88842b3fafb2f6178a92) Importer(815301076,1909f56bfc062723c751e8b465ee728b)  -> (artifact id: '06c8d44f80256e20249ecd72855e7141') in 0.020680 seconds
  Import took 0.031597 seconds .

========================================================================
Received Import Request.
  Time since last request: 0.000247 seconds.
  path: Assets/Resources/Prefabs/Player/PlayerSpawner.prefab
  artifactKey: Guid(4a206f3bf3f149b439141120d76abf23) Importer(815301076,1909f56bfc062723c751e8b465ee728b)
Start importing Assets/Resources/Prefabs/Player/PlayerSpawner.prefab using Guid(4a206f3bf3f149b439141120d76abf23) Importer(815301076,1909f56bfc062723c751e8b465ee728b)  -> (artifact id: '020663e35f07bc3888da1b451e12de07') in 0.019639 seconds
  Import took 0.029627 seconds .

========================================================================
Received Import Request.
  Time since last request: 11.705457 seconds.
  path: Assets/Resources/Prefabs/Enemies/Enemy Cube.prefab
  artifactKey: Guid(996f3c9b6aaaa7f4eb9dfe72602386ef) Importer(815301076,1909f56bfc062723c751e8b465ee728b)
Start importing Assets/Resources/Prefabs/Enemies/Enemy Cube.prefab using Guid(996f3c9b6aaaa7f4eb9dfe72602386ef) Importer(815301076,1909f56bfc062723c751e8b465ee728b)  -> (artifact id: 'ff80ce14f03cb365a020a4eab3b404ef') in 0.009549 seconds
  Import took 0.017923 seconds .

========================================================================
Received Prepare
Registering precompiled user dll's ...
Registered in 0.000522 seconds.
Begin MonoManager ReloadAssembly
Native extension for WindowsStandalone target not found
Native extension for WebGL target not found
Refreshing native plugins compatible for Editor in 0.19 ms, found 0 plugins.
Preloading 0 native plugins for Editor in 0.00 ms.
Invoked RoslynAnalysisRunner static constructor.
RoslynAnalysisRunner will not be running.
RoslynAnalysisRunner has terminated.
Mono: successfully reloaded assembly
- Completed reload, in  0.687 seconds
Platform modules already initialized, skipping
Refreshing native plugins compatible for Editor in 0.20 ms, found 0 plugins.
Preloading 0 native plugins for Editor in 0.00 ms.
Unloading 1107 Unused Serialized files (Serialized files now loaded: 0)
System memory in use before: 134.8 MB.
System memory in use after: 134.9 MB.

Unloading 7 unused Assets to reduce memory usage. Loaded Objects now: 1662.
Total: 1.498900 ms (FindLiveObjects: 0.116300 ms CreateObjectMapping: 0.029200 ms MarkObjects: 1.302500 ms  DeleteObjects: 0.050100 ms)

========================================================================
Received Import Request.
  Time since last request: 86.999437 seconds.
  path: Assets/Resources/Prefabs/Player/Player_Ship.prefab
  artifactKey: Guid(1b86bb9ad39b88842b3fafb2f6178a92) Importer(815301076,1909f56bfc062723c751e8b465ee728b)
Start importing Assets/Resources/Prefabs/Player/Player_Ship.prefab using Guid(1b86bb9ad39b88842b3fafb2f6178a92) Importer(815301076,1909f56bfc062723c751e8b465ee728b)  -> (artifact id: '16703e775bf373b6d8ae55aee0a7dc31') in 0.069564 seconds
  Import took 0.079237 seconds .

========================================================================
Received Import Request.
  Time since last request: 0.000267 seconds.
  path: Assets/Resources/Prefabs/Player/PlayerSpawner.prefab
  artifactKey: Guid(4a206f3bf3f149b439141120d76abf23) Importer(815301076,1909f56bfc062723c751e8b465ee728b)
Start importing Assets/Resources/Prefabs/Player/PlayerSpawner.prefab using Guid(4a206f3bf3f149b439141120d76abf23) Importer(815301076,1909f56bfc062723c751e8b465ee728b)  -> (artifact id: '6ceb440f13e09301453bc47224b443d7') in 0.022871 seconds
  Import took 0.025566 seconds .

========================================================================
Received Import Request.
  Time since last request: 0.006561 seconds.
  path: Assets/Resources/Prefabs/Player/PlayerSpawner.prefab
  artifactKey: Guid(4a206f3bf3f149b439141120d76abf23) Importer(815301076,1909f56bfc062723c751e8b465ee728b)
Start importing Assets/Resources/Prefabs/Player/PlayerSpawner.prefab using Guid(4a206f3bf3f149b439141120d76abf23) Importer(815301076,1909f56bfc062723c751e8b465ee728b)  -> (artifact id: '6ceb440f13e09301453bc47224b443d7') in 0.020496 seconds
  Import took 0.023139 seconds .

========================================================================
Received Import Request.
  Time since last request: 0.648460 seconds.
  path: Assets/Resources/Prefabs/Player/Player_Ship.prefab
  artifactKey: Guid(1b86bb9ad39b88842b3fafb2f6178a92) Importer(815301076,1909f56bfc062723c751e8b465ee728b)
Start importing Assets/Resources/Prefabs/Player/Player_Ship.prefab using Guid(1b86bb9ad39b88842b3fafb2f6178a92) Importer(815301076,1909f56bfc062723c751e8b465ee728b)  -> (artifact id: 'd03ca7437f073c1254f50d8bc1955356') in 0.024970 seconds
  Import took 0.027476 seconds .

========================================================================
Received Import Request.
  Time since last request: 0.000256 seconds.
  path: Assets/Resources/Prefabs/Player/PlayerSpawner.prefab
  artifactKey: Guid(4a206f3bf3f149b439141120d76abf23) Importer(815301076,1909f56bfc062723c751e8b465ee728b)
Start importing Assets/Resources/Prefabs/Player/PlayerSpawner.prefab using Guid(4a206f3bf3f149b439141120d76abf23) Importer(815301076,1909f56bfc062723c751e8b465ee728b)  -> (artifact id: 'b7261439826c5010a1cd7dd4181abbb5') in 0.023155 seconds
  Import took 0.070799 seconds .

========================================================================
Received Import Request.
  Time since last request: 4.747532 seconds.
  path: Assets/Resources/Prefabs/Player/Player_Ship.prefab
  artifactKey: Guid(1b86bb9ad39b88842b3fafb2f6178a92) Importer(815301076,1909f56bfc062723c751e8b465ee728b)
Start importing Assets/Resources/Prefabs/Player/Player_Ship.prefab using Guid(1b86bb9ad39b88842b3fafb2f6178a92) Importer(815301076,1909f56bfc062723c751e8b465ee728b)  -> (artifact id: '1785d9a10cd53e5d2e1070583c42bcb8') in 0.020580 seconds
  Import took 0.032111 seconds .

========================================================================
Received Import Request.
  Time since last request: 0.000262 seconds.
  path: Assets/Resources/Prefabs/Player/PlayerSpawner.prefab
  artifactKey: Guid(4a206f3bf3f149b439141120d76abf23) Importer(815301076,1909f56bfc062723c751e8b465ee728b)
Start importing Assets/Resources/Prefabs/Player/PlayerSpawner.prefab using Guid(4a206f3bf3f149b439141120d76abf23) Importer(815301076,1909f56bfc062723c751e8b465ee728b)  -> (artifact id: 'cd01de99bb62ef3ac0515f204076213b') in 0.019209 seconds
  Import took 0.021575 seconds .

========================================================================
Received Import Request.
  Time since last request: 4.173315 seconds.
  path: Assets/Resources/Prefabs/Player/Player_Ship.prefab
  artifactKey: Guid(1b86bb9ad39b88842b3fafb2f6178a92) Importer(815301076,1909f56bfc062723c751e8b465ee728b)
Start importing Assets/Resources/Prefabs/Player/Player_Ship.prefab using Guid(1b86bb9ad39b88842b3fafb2f6178a92) Importer(815301076,1909f56bfc062723c751e8b465ee728b)  -> (artifact id: '65d85159d90b27b42ca5a822e02d9a95') in 0.023884 seconds
  Import took 0.034111 seconds .

========================================================================
Received Import Request.
  Time since last request: 0.000231 seconds.
  path: Assets/Resources/Prefabs/Player/PlayerSpawner.prefab
  artifactKey: Guid(4a206f3bf3f149b439141120d76abf23) Importer(815301076,1909f56bfc062723c751e8b465ee728b)
Start importing Assets/Resources/Prefabs/Player/PlayerSpawner.prefab using Guid(4a206f3bf3f149b439141120d76abf23) Importer(815301076,1909f56bfc062723c751e8b465ee728b)  -> (artifact id: 'e39c8abb451e4f2f1bad44f8d0dca754') in 0.026044 seconds
  Import took 0.028425 seconds .

========================================================================
Received Import Request.
  Time since last request: 1.146612 seconds.
  path: Assets/Resources/Prefabs/Player/Player_Ship.prefab
  artifactKey: Guid(1b86bb9ad39b88842b3fafb2f6178a92) Importer(815301076,1909f56bfc062723c751e8b465ee728b)
Start importing Assets/Resources/Prefabs/Player/Player_Ship.prefab using Guid(1b86bb9ad39b88842b3fafb2f6178a92) Importer(815301076,1909f56bfc062723c751e8b465ee728b)  -> (artifact id: '0913228cca8af7aa285fb68e7b4f602f') in 0.024710 seconds
  Import took 0.027267 seconds .

========================================================================
Received Import Request.
  Time since last request: 0.000266 seconds.
  path: Assets/Resources/Prefabs/Player/PlayerSpawner.prefab
  artifactKey: Guid(4a206f3bf3f149b439141120d76abf23) Importer(815301076,1909f56bfc062723c751e8b465ee728b)
Start importing Assets/Resources/Prefabs/Player/PlayerSpawner.prefab using Guid(4a206f3bf3f149b439141120d76abf23) Importer(815301076,1909f56bfc062723c751e8b465ee728b)  -> (artifact id: '85a1c97d0aa4a61111465d6d70552ac8') in 0.026827 seconds
  Import took 0.029361 seconds .

========================================================================
Received Import Request.
  Time since last request: 2.159321 seconds.
  path: Assets/Resources/Prefabs/Player/Player_Ship.prefab
  artifactKey: Guid(1b86bb9ad39b88842b3fafb2f6178a92) Importer(815301076,1909f56bfc062723c751e8b465ee728b)
Start importing Assets/Resources/Prefabs/Player/Player_Ship.prefab using Guid(1b86bb9ad39b88842b3fafb2f6178a92) Importer(815301076,1909f56bfc062723c751e8b465ee728b)  -> (artifact id: 'b67db0ec1a76dcb054d587d48e03e900') in 0.025760 seconds
  Import took 0.028380 seconds .

========================================================================
Received Import Request.
  Time since last request: 0.000227 seconds.
  path: Assets/Resources/Prefabs/Player/PlayerSpawner.prefab
  artifactKey: Guid(4a206f3bf3f149b439141120d76abf23) Importer(815301076,1909f56bfc062723c751e8b465ee728b)
Start importing Assets/Resources/Prefabs/Player/PlayerSpawner.prefab using Guid(4a206f3bf3f149b439141120d76abf23) Importer(815301076,1909f56bfc062723c751e8b465ee728b)  -> (artifact id: '9363894514a7cd12cc87682deb4dbda2') in 0.025635 seconds
  Import took 0.034005 seconds .

========================================================================
Received Prepare
Registering precompiled user dll's ...
Registered in 0.000513 seconds.
Begin MonoManager ReloadAssembly
Native extension for WindowsStandalone target not found
Native extension for WebGL target not found
Refreshing native plugins compatible for Editor in 0.20 ms, found 0 plugins.
Preloading 0 native plugins for Editor in 0.00 ms.
Invoked RoslynAnalysisRunner static constructor.
RoslynAnalysisRunner will not be running.
RoslynAnalysisRunner has terminated.
Mono: successfully reloaded assembly
- Completed reload, in  0.683 seconds
Platform modules already initialized, skipping
Refreshing native plugins compatible for Editor in 0.19 ms, found 0 plugins.
Preloading 0 native plugins for Editor in 0.00 ms.
Unloading 1107 Unused Serialized files (Serialized files now loaded: 0)
System memory in use before: 134.7 MB.
System memory in use after: 134.8 MB.

Unloading 6 unused Assets to reduce memory usage. Loaded Objects now: 1665.
Total: 1.522800 ms (FindLiveObjects: 0.118900 ms CreateObjectMapping: 0.032600 ms MarkObjects: 1.323400 ms  DeleteObjects: 0.047000 ms)

========================================================================
Received Prepare
Registering precompiled user dll's ...
Registered in 0.000520 seconds.
Begin MonoManager ReloadAssembly
Native extension for WindowsStandalone target not found
Native extension for WebGL target not found
Refreshing native plugins compatible for Editor in 0.20 ms, found 0 plugins.
Preloading 0 native plugins for Editor in 0.00 ms.
Invoked RoslynAnalysisRunner static constructor.
RoslynAnalysisRunner will not be running.
RoslynAnalysisRunner has terminated.
Mono: successfully reloaded assembly
- Completed reload, in  0.695 seconds
Platform modules already initialized, skipping
Refreshing native plugins compatible for Editor in 0.19 ms, found 0 plugins.
Preloading 0 native plugins for Editor in 0.00 ms.
Unloading 1107 Unused Serialized files (Serialized files now loaded: 0)
System memory in use before: 134.8 MB.
System memory in use after: 134.9 MB.

Unloading 4 unused Assets to reduce memory usage. Loaded Objects now: 1667.
Total: 1.580200 ms (FindLiveObjects: 0.161800 ms CreateObjectMapping: 0.037700 ms MarkObjects: 1.367900 ms  DeleteObjects: 0.012100 ms)

========================================================================
Received Prepare
Registering precompiled user dll's ...
Registered in 0.000534 seconds.
Begin MonoManager ReloadAssembly
Native extension for WindowsStandalone target not found
Native extension for WebGL target not found
Refreshing native plugins compatible for Editor in 0.21 ms, found 0 plugins.
Preloading 0 native plugins for Editor in 0.00 ms.
Invoked RoslynAnalysisRunner static constructor.
RoslynAnalysisRunner will not be running.
RoslynAnalysisRunner has terminated.
Mono: successfully reloaded assembly
- Completed reload, in  0.698 seconds
Platform modules already initialized, skipping
Refreshing native plugins compatible for Editor in 0.19 ms, found 0 plugins.
Preloading 0 native plugins for Editor in 0.00 ms.
Unloading 1107 Unused Serialized files (Serialized files now loaded: 0)
System memory in use before: 134.8 MB.
System memory in use after: 134.9 MB.

Unloading 4 unused Assets to reduce memory usage. Loaded Objects now: 1669.
Total: 1.682600 ms (FindLiveObjects: 0.157900 ms CreateObjectMapping: 0.041500 ms MarkObjects: 1.468400 ms  DeleteObjects: 0.013700 ms)

========================================================================
Received Import Request.
  Time since last request: 106.568312 seconds.
  path: Assets/Resources/Prefabs/Enemies/Enemy Cube.prefab
  artifactKey: Guid(996f3c9b6aaaa7f4eb9dfe72602386ef) Importer(815301076,1909f56bfc062723c751e8b465ee728b)
Start importing Assets/Resources/Prefabs/Enemies/Enemy Cube.prefab using Guid(996f3c9b6aaaa7f4eb9dfe72602386ef) Importer(815301076,1909f56bfc062723c751e8b465ee728b)  -> (artifact id: 'ce11409f6b6c445453001727bf7f8d18') in 0.053014 seconds
  Import took 0.063873 seconds .

========================================================================
Received Import Request.
  Time since last request: 0.856280 seconds.
  path: Assets/Resources/Prefabs/Enemies/Enemy Cube.prefab
  artifactKey: Guid(996f3c9b6aaaa7f4eb9dfe72602386ef) Importer(815301076,1909f56bfc062723c751e8b465ee728b)
Start importing Assets/Resources/Prefabs/Enemies/Enemy Cube.prefab using Guid(996f3c9b6aaaa7f4eb9dfe72602386ef) Importer(815301076,1909f56bfc062723c751e8b465ee728b)  -> (artifact id: 'cc52325b3ee0563748429ddb63643059') in 0.014746 seconds
  Import took 0.016699 seconds .

========================================================================
Received Prepare
Registering precompiled user dll's ...
Registered in 0.000559 seconds.
Begin MonoManager ReloadAssembly
Native extension for WindowsStandalone target not found
Native extension for WebGL target not found
Refreshing native plugins compatible for Editor in 0.21 ms, found 0 plugins.
Preloading 0 native plugins for Editor in 0.00 ms.
Invoked RoslynAnalysisRunner static constructor.
RoslynAnalysisRunner will not be running.
RoslynAnalysisRunner has terminated.
Mono: successfully reloaded assembly
- Completed reload, in  0.711 seconds
Platform modules already initialized, skipping
Refreshing native plugins compatible for Editor in 0.19 ms, found 0 plugins.
Preloading 0 native plugins for Editor in 0.00 ms.
Unloading 1107 Unused Serialized files (Serialized files now loaded: 0)
System memory in use before: 134.6 MB.
System memory in use after: 134.7 MB.

Unloading 7 unused Assets to reduce memory usage. Loaded Objects now: 1672.
Total: 1.534800 ms (FindLiveObjects: 0.121300 ms CreateObjectMapping: 0.032500 ms MarkObjects: 1.325400 ms  DeleteObjects: 0.054600 ms)

========================================================================
Received Import Request.
  Time since last request: 57.379404 seconds.
  path: Assets/Resources/Prefabs/Enemies/Enemy Cube.prefab
  artifactKey: Guid(996f3c9b6aaaa7f4eb9dfe72602386ef) Importer(815301076,1909f56bfc062723c751e8b465ee728b)
Start importing Assets/Resources/Prefabs/Enemies/Enemy Cube.prefab using Guid(996f3c9b6aaaa7f4eb9dfe72602386ef) Importer(815301076,1909f56bfc062723c751e8b465ee728b)  -> (artifact id: 'f7aee786aa650a2baab3139b678c4404') in 0.052223 seconds
  Import took 0.063789 seconds .

========================================================================
Received Import Request.
  Time since last request: 4.350714 seconds.
  path: Assets/Resources/Prefabs/Enemies/Enemy Cube.prefab
  artifactKey: Guid(996f3c9b6aaaa7f4eb9dfe72602386ef) Importer(815301076,1909f56bfc062723c751e8b465ee728b)
Start importing Assets/Resources/Prefabs/Enemies/Enemy Cube.prefab using Guid(996f3c9b6aaaa7f4eb9dfe72602386ef) Importer(815301076,1909f56bfc062723c751e8b465ee728b)  -> (artifact id: '83967d636381b86614319d5cfd62dc2c') in 0.022514 seconds
  Import took 0.024429 seconds .

========================================================================
Received Prepare
Registering precompiled user dll's ...
Registered in 0.000586 seconds.
Begin MonoManager ReloadAssembly
Native extension for WindowsStandalone target not found
Native extension for WebGL target not found
Refreshing native plugins compatible for Editor in 0.20 ms, found 0 plugins.
Preloading 0 native plugins for Editor in 0.00 ms.
Invoked RoslynAnalysisRunner static constructor.
RoslynAnalysisRunner will not be running.
RoslynAnalysisRunner has terminated.
Mono: successfully reloaded assembly
- Completed reload, in  0.679 seconds
Platform modules already initialized, skipping
Refreshing native plugins compatible for Editor in 0.19 ms, found 0 plugins.
Preloading 0 native plugins for Editor in 0.00 ms.
Unloading 1107 Unused Serialized files (Serialized files now loaded: 0)
System memory in use before: 134.9 MB.
System memory in use after: 135.0 MB.

Unloading 7 unused Assets to reduce memory usage. Loaded Objects now: 1675.
Total: 1.657900 ms (FindLiveObjects: 0.157400 ms CreateObjectMapping: 0.041600 ms MarkObjects: 1.400900 ms  DeleteObjects: 0.057200 ms)

========================================================================
Received Import Request.
  Time since last request: 32.324987 seconds.
  path: Assets/Resources/Prefabs/Player/PlayerSpawner.prefab
  artifactKey: Guid(4a206f3bf3f149b439141120d76abf23) Importer(815301076,1909f56bfc062723c751e8b465ee728b)
Start importing Assets/Resources/Prefabs/Player/PlayerSpawner.prefab using Guid(4a206f3bf3f149b439141120d76abf23) Importer(815301076,1909f56bfc062723c751e8b465ee728b)  -> (artifact id: 'ee511a1e555e9acc081f78f71793c4fa') in 0.065327 seconds
  Import took 0.079904 seconds .

========================================================================
Received Import Request.
  Time since last request: 0.000264 seconds.
  path: Assets/Resources/Prefabs/Player/Player_Ship.prefab
  artifactKey: Guid(1b86bb9ad39b88842b3fafb2f6178a92) Importer(815301076,1909f56bfc062723c751e8b465ee728b)
Start importing Assets/Resources/Prefabs/Player/Player_Ship.prefab using Guid(1b86bb9ad39b88842b3fafb2f6178a92) Importer(815301076,1909f56bfc062723c751e8b465ee728b)  -> (artifact id: '1707e9c9251202d2d79f959c8765d2af') in 0.024761 seconds
  Import took 0.027547 seconds .

========================================================================
Received Import Request.
  Time since last request: 0.003716 seconds.
  path: Assets/Resources/Prefabs/Player/Player_Ship.prefab
  artifactKey: Guid(1b86bb9ad39b88842b3fafb2f6178a92) Importer(815301076,1909f56bfc062723c751e8b465ee728b)
Start importing Assets/Resources/Prefabs/Player/Player_Ship.prefab using Guid(1b86bb9ad39b88842b3fafb2f6178a92) Importer(815301076,1909f56bfc062723c751e8b465ee728b)  -> (artifact id: '1707e9c9251202d2d79f959c8765d2af') in 0.019731 seconds
  Import took 0.022317 seconds .

========================================================================
Received Import Request.
  Time since last request: 2.140590 seconds.
  path: Assets/Resources/Prefabs/Player/Player_Ship.prefab
  artifactKey: Guid(1b86bb9ad39b88842b3fafb2f6178a92) Importer(815301076,1909f56bfc062723c751e8b465ee728b)
Start importing Assets/Resources/Prefabs/Player/Player_Ship.prefab using Guid(1b86bb9ad39b88842b3fafb2f6178a92) Importer(815301076,1909f56bfc062723c751e8b465ee728b)  -> (artifact id: 'ddc8e44fe2b4e6936077aaac55e535a6') in 0.023131 seconds
  Import took 0.025543 seconds .

========================================================================
Received Import Request.
  Time since last request: 0.000235 seconds.
  path: Assets/Resources/Prefabs/Player/PlayerSpawner.prefab
  artifactKey: Guid(4a206f3bf3f149b439141120d76abf23) Importer(815301076,1909f56bfc062723c751e8b465ee728b)
Start importing Assets/Resources/Prefabs/Player/PlayerSpawner.prefab using Guid(4a206f3bf3f149b439141120d76abf23) Importer(815301076,1909f56bfc062723c751e8b465ee728b)  -> (artifact id: '111fddd7101fad2968f4275d814e730a') in 0.023801 seconds
  Import took 0.035982 seconds .

========================================================================
Received Import Request.
  Time since last request: 3.122323 seconds.
  path: Assets/Resources/Prefabs/Player/Player_Ship.prefab
  artifactKey: Guid(1b86bb9ad39b88842b3fafb2f6178a92) Importer(815301076,1909f56bfc062723c751e8b465ee728b)
Start importing Assets/Resources/Prefabs/Player/Player_Ship.prefab using Guid(1b86bb9ad39b88842b3fafb2f6178a92) Importer(815301076,1909f56bfc062723c751e8b465ee728b)  -> (artifact id: 'a4e16cae757cff942815ecb346ff206e') in 0.023937 seconds
  Import took 0.036024 seconds .

========================================================================
Received Import Request.
  Time since last request: 0.000261 seconds.
  path: Assets/Resources/Prefabs/Player/PlayerSpawner.prefab
  artifactKey: Guid(4a206f3bf3f149b439141120d76abf23) Importer(815301076,1909f56bfc062723c751e8b465ee728b)
Start importing Assets/Resources/Prefabs/Player/PlayerSpawner.prefab using Guid(4a206f3bf3f149b439141120d76abf23) Importer(815301076,1909f56bfc062723c751e8b465ee728b)  -> (artifact id: '635dbb839f5479f0da905c44af223b78') in 0.023734 seconds
  Import took 0.025965 seconds .

========================================================================
Received Import Request.
  Time since last request: 42.165059 seconds.
  path: Assets/Resources/Prefabs/Enemies/Enemy Cube.prefab
  artifactKey: Guid(996f3c9b6aaaa7f4eb9dfe72602386ef) Importer(815301076,1909f56bfc062723c751e8b465ee728b)
Start importing Assets/Resources/Prefabs/Enemies/Enemy Cube.prefab using Guid(996f3c9b6aaaa7f4eb9dfe72602386ef) Importer(815301076,1909f56bfc062723c751e8b465ee728b)  -> (artifact id: 'f11a5e3aa38de14c70ea4be6dbebcd6c') in 0.011721 seconds
  Import took 0.014004 seconds .

========================================================================
Received Import Request.
  Time since last request: 0.580212 seconds.
  path: Assets/Resources/Prefabs/Enemies/Enemy Cube.prefab
  artifactKey: Guid(996f3c9b6aaaa7f4eb9dfe72602386ef) Importer(815301076,1909f56bfc062723c751e8b465ee728b)
Start importing Assets/Resources/Prefabs/Enemies/Enemy Cube.prefab using Guid(996f3c9b6aaaa7f4eb9dfe72602386ef) Importer(815301076,1909f56bfc062723c751e8b465ee728b)  -> (artifact id: 'b9480a5d089e2b381c2791ea5a3f88eb') in 0.013170 seconds
  Import took 0.015256 seconds .

========================================================================
Received Import Request.
  Time since last request: 1.100884 seconds.
  path: Assets/Resources/Prefabs/Enemies/Enemy Cube.prefab
  artifactKey: Guid(996f3c9b6aaaa7f4eb9dfe72602386ef) Importer(815301076,1909f56bfc062723c751e8b465ee728b)
Start importing Assets/Resources/Prefabs/Enemies/Enemy Cube.prefab using Guid(996f3c9b6aaaa7f4eb9dfe72602386ef) Importer(815301076,1909f56bfc062723c751e8b465ee728b)  -> (artifact id: 'bc94680a3110d9e6432e235a12f4a33d') in 0.011587 seconds
  Import took 0.013406 seconds .

========================================================================
Received Prepare
Registering precompiled user dll's ...
Registered in 0.000586 seconds.
Begin MonoManager ReloadAssembly
Native extension for WindowsStandalone target not found
Native extension for WebGL target not found
Refreshing native plugins compatible for Editor in 0.19 ms, found 0 plugins.
Preloading 0 native plugins for Editor in 0.00 ms.
Invoked RoslynAnalysisRunner static constructor.
RoslynAnalysisRunner will not be running.
RoslynAnalysisRunner has terminated.
Mono: successfully reloaded assembly
- Completed reload, in  0.691 seconds
Platform modules already initialized, skipping
Refreshing native plugins compatible for Editor in 0.19 ms, found 0 plugins.
Preloading 0 native plugins for Editor in 0.00 ms.
Unloading 1107 Unused Serialized files (Serialized files now loaded: 0)
System memory in use before: 134.8 MB.
System memory in use after: 134.9 MB.

Unloading 7 unused Assets to reduce memory usage. Loaded Objects now: 1678.
Total: 1.652700 ms (FindLiveObjects: 0.184600 ms CreateObjectMapping: 0.045500 ms MarkObjects: 1.361900 ms  DeleteObjects: 0.059500 ms)

========================================================================
Received Import Request.
  Time since last request: 98.684419 seconds.
  path: Assets/Resources/Prefabs/Enemies/Enemy Cube.prefab
  artifactKey: Guid(996f3c9b6aaaa7f4eb9dfe72602386ef) Importer(815301076,1909f56bfc062723c751e8b465ee728b)
Start importing Assets/Resources/Prefabs/Enemies/Enemy Cube.prefab using Guid(996f3c9b6aaaa7f4eb9dfe72602386ef) Importer(815301076,1909f56bfc062723c751e8b465ee728b)  -> (artifact id: '28cc74f8c60f38f96c7d16ddf1996912') in 0.051533 seconds
  Import took 0.053324 seconds .

========================================================================
Received Import Request.
  Time since last request: 1.445535 seconds.
  path: Assets/Resources/Prefabs/Enemies/Enemy Cube.prefab
  artifactKey: Guid(996f3c9b6aaaa7f4eb9dfe72602386ef) Importer(815301076,1909f56bfc062723c751e8b465ee728b)
Start importing Assets/Resources/Prefabs/Enemies/Enemy Cube.prefab using Guid(996f3c9b6aaaa7f4eb9dfe72602386ef) Importer(815301076,1909f56bfc062723c751e8b465ee728b)  -> (artifact id: '3c25dcb1b6bf110ea962c4e3f35c8e12') in 0.013389 seconds
  Import took 0.015275 seconds .

========================================================================
Received Prepare
Registering precompiled user dll's ...
Registered in 0.000547 seconds.
Begin MonoManager ReloadAssembly
Native extension for WindowsStandalone target not found
Native extension for WebGL target not found
Refreshing native plugins compatible for Editor in 0.21 ms, found 0 plugins.
Preloading 0 native plugins for Editor in 0.00 ms.
Invoked RoslynAnalysisRunner static constructor.
RoslynAnalysisRunner will not be running.
RoslynAnalysisRunner has terminated.
Mono: successfully reloaded assembly
- Completed reload, in  0.710 seconds
Platform modules already initialized, skipping
Refreshing native plugins compatible for Editor in 0.19 ms, found 0 plugins.
Preloading 0 native plugins for Editor in 0.00 ms.
Unloading 1107 Unused Serialized files (Serialized files now loaded: 0)
System memory in use before: 134.9 MB.
System memory in use after: 135.0 MB.

Unloading 7 unused Assets to reduce memory usage. Loaded Objects now: 1681.
Total: 1.546800 ms (FindLiveObjects: 0.123000 ms CreateObjectMapping: 0.032700 ms MarkObjects: 1.340900 ms  DeleteObjects: 0.049300 ms)

========================================================================
Received Prepare
Registering precompiled user dll's ...
Registered in 0.000537 seconds.
Begin MonoManager ReloadAssembly
Native extension for WindowsStandalone target not found
Native extension for WebGL target not found
Refreshing native plugins compatible for Editor in 0.20 ms, found 0 plugins.
Preloading 0 native plugins for Editor in 0.00 ms.
Invoked RoslynAnalysisRunner static constructor.
RoslynAnalysisRunner will not be running.
RoslynAnalysisRunner has terminated.
Mono: successfully reloaded assembly
- Completed reload, in  0.693 seconds
Platform modules already initialized, skipping
Refreshing native plugins compatible for Editor in 0.19 ms, found 0 plugins.
Preloading 0 native plugins for Editor in 0.00 ms.
Unloading 1107 Unused Serialized files (Serialized files now loaded: 0)
System memory in use before: 134.9 MB.
System memory in use after: 135.0 MB.

Unloading 4 unused Assets to reduce memory usage. Loaded Objects now: 1683.
Total: 1.648100 ms (FindLiveObjects: 0.135100 ms CreateObjectMapping: 0.038600 ms MarkObjects: 1.458600 ms  DeleteObjects: 0.014900 ms)

========================================================================
Received Prepare
Registering precompiled user dll's ...
Registered in 0.000577 seconds.
Begin MonoManager ReloadAssembly
Native extension for WindowsStandalone target not found
Native extension for WebGL target not found
Refreshing native plugins compatible for Editor in 0.19 ms, found 0 plugins.
Preloading 0 native plugins for Editor in 0.00 ms.
Invoked RoslynAnalysisRunner static constructor.
RoslynAnalysisRunner will not be running.
RoslynAnalysisRunner has terminated.
Mono: successfully reloaded assembly
- Completed reload, in  0.695 seconds
Platform modules already initialized, skipping
Refreshing native plugins compatible for Editor in 0.24 ms, found 0 plugins.
Preloading 0 native plugins for Editor in 0.00 ms.
Unloading 1107 Unused Serialized files (Serialized files now loaded: 0)
System memory in use before: 134.7 MB.
System memory in use after: 134.8 MB.

Unloading 4 unused Assets to reduce memory usage. Loaded Objects now: 1685.
Total: 1.508000 ms (FindLiveObjects: 0.131600 ms CreateObjectMapping: 0.035000 ms MarkObjects: 1.327800 ms  DeleteObjects: 0.012800 ms)

========================================================================
Received Import Request.
  Time since last request: 445.220857 seconds.
  path: Assets/Resources/Prefabs/Enemies/Enemy Cube.prefab
  artifactKey: Guid(996f3c9b6aaaa7f4eb9dfe72602386ef) Importer(815301076,1909f56bfc062723c751e8b465ee728b)
Start importing Assets/Resources/Prefabs/Enemies/Enemy Cube.prefab using Guid(996f3c9b6aaaa7f4eb9dfe72602386ef) Importer(815301076,1909f56bfc062723c751e8b465ee728b)  -> (artifact id: 'd597638bd7df666690987b3907ad6a87') in 0.056863 seconds
  Import took 0.058698 seconds .

========================================================================
Received Prepare
Registering precompiled user dll's ...
Registered in 0.000577 seconds.
Begin MonoManager ReloadAssembly
Native extension for WindowsStandalone target not found
Native extension for WebGL target not found
Refreshing native plugins compatible for Editor in 0.21 ms, found 0 plugins.
Preloading 0 native plugins for Editor in 0.00 ms.
Invoked RoslynAnalysisRunner static constructor.
RoslynAnalysisRunner will not be running.
RoslynAnalysisRunner has terminated.
Mono: successfully reloaded assembly
- Completed reload, in  0.826 seconds
Platform modules already initialized, skipping
Refreshing native plugins compatible for Editor in 0.21 ms, found 0 plugins.
Preloading 0 native plugins for Editor in 0.00 ms.
Unloading 1107 Unused Serialized files (Serialized files now loaded: 0)
System memory in use before: 134.9 MB.
System memory in use after: 135.0 MB.

Unloading 7 unused Assets to reduce memory usage. Loaded Objects now: 1688.
Total: 1.614300 ms (FindLiveObjects: 0.173700 ms CreateObjectMapping: 0.039800 ms MarkObjects: 1.345700 ms  DeleteObjects: 0.054100 ms)

========================================================================
Received Import Request.
  Time since last request: 6.342998 seconds.
  path: Assets/Resources/Prefabs/Enemies/Enemy Cube.prefab
  artifactKey: Guid(996f3c9b6aaaa7f4eb9dfe72602386ef) Importer(815301076,1909f56bfc062723c751e8b465ee728b)
Start importing Assets/Resources/Prefabs/Enemies/Enemy Cube.prefab using Guid(996f3c9b6aaaa7f4eb9dfe72602386ef) Importer(815301076,1909f56bfc062723c751e8b465ee728b)  -> (artifact id: 'e7484b8486c1e963812d9418438c4250') in 0.060077 seconds
  Import took 0.065841 seconds .

========================================================================
Received Import Request.
  Time since last request: 13.707476 seconds.
  path: Assets/Resources/Prefabs/Enemies/Enemy Cube.prefab
  artifactKey: Guid(996f3c9b6aaaa7f4eb9dfe72602386ef) Importer(815301076,1909f56bfc062723c751e8b465ee728b)
Start importing Assets/Resources/Prefabs/Enemies/Enemy Cube.prefab using Guid(996f3c9b6aaaa7f4eb9dfe72602386ef) Importer(815301076,1909f56bfc062723c751e8b465ee728b)  -> (artifact id: '1df20208aa07b0b3ded4879ecf55c5b2') in 0.042832 seconds
  Import took 0.070968 seconds .

========================================================================
Received Import Request.
  Time since last request: 0.735919 seconds.
  path: Assets/Resources/Prefabs/Enemies/Enemy Cube.prefab
  artifactKey: Guid(996f3c9b6aaaa7f4eb9dfe72602386ef) Importer(815301076,1909f56bfc062723c751e8b465ee728b)
Start importing Assets/Resources/Prefabs/Enemies/Enemy Cube.prefab using Guid(996f3c9b6aaaa7f4eb9dfe72602386ef) Importer(815301076,1909f56bfc062723c751e8b465ee728b)  -> (artifact id: '8ba61c9255ddb3bfcb07132512231e79') in 0.021293 seconds
  Import took 0.032997 seconds .

========================================================================
Received Import Request.
  Time since last request: 1.017337 seconds.
  path: Assets/Resources/Prefabs/Enemies/Enemy Cube.prefab
  artifactKey: Guid(996f3c9b6aaaa7f4eb9dfe72602386ef) Importer(815301076,1909f56bfc062723c751e8b465ee728b)
Start importing Assets/Resources/Prefabs/Enemies/Enemy Cube.prefab using Guid(996f3c9b6aaaa7f4eb9dfe72602386ef) Importer(815301076,1909f56bfc062723c751e8b465ee728b)  -> (artifact id: 'e117ed870307c5d4d4ad5c3827077d39') in 0.030478 seconds
  Import took 0.032516 seconds .

========================================================================
Received Prepare
Registering precompiled user dll's ...
Registered in 0.000476 seconds.
Begin MonoManager ReloadAssembly
Native extension for WindowsStandalone target not found
Native extension for WebGL target not found
Refreshing native plugins compatible for Editor in 0.20 ms, found 0 plugins.
Preloading 0 native plugins for Editor in 0.00 ms.
Invoked RoslynAnalysisRunner static constructor.
RoslynAnalysisRunner will not be running.
RoslynAnalysisRunner has terminated.
Mono: successfully reloaded assembly
- Completed reload, in  0.694 seconds
Platform modules already initialized, skipping
Refreshing native plugins compatible for Editor in 0.20 ms, found 0 plugins.
Preloading 0 native plugins for Editor in 0.00 ms.
Unloading 1107 Unused Serialized files (Serialized files now loaded: 0)
System memory in use before: 134.9 MB.
System memory in use after: 135.0 MB.

Unloading 7 unused Assets to reduce memory usage. Loaded Objects now: 1691.
Total: 1.695400 ms (FindLiveObjects: 0.177500 ms CreateObjectMapping: 0.044100 ms MarkObjects: 1.414500 ms  DeleteObjects: 0.058000 ms)

========================================================================
Received Prepare
Registering precompiled user dll's ...
Registered in 0.000613 seconds.
Begin MonoManager ReloadAssembly
Native extension for WindowsStandalone target not found
Native extension for WebGL target not found
Refreshing native plugins compatible for Editor in 0.19 ms, found 0 plugins.
Preloading 0 native plugins for Editor in 0.00 ms.
Invoked RoslynAnalysisRunner static constructor.
RoslynAnalysisRunner will not be running.
RoslynAnalysisRunner has terminated.
Mono: successfully reloaded assembly
- Completed reload, in  0.693 seconds
Platform modules already initialized, skipping
Refreshing native plugins compatible for Editor in 0.21 ms, found 0 plugins.
Preloading 0 native plugins for Editor in 0.00 ms.
Unloading 1107 Unused Serialized files (Serialized files now loaded: 0)
System memory in use before: 134.6 MB.
System memory in use after: 134.7 MB.

Unloading 4 unused Assets to reduce memory usage. Loaded Objects now: 1693.
Total: 1.530300 ms (FindLiveObjects: 0.161900 ms CreateObjectMapping: 0.039000 ms MarkObjects: 1.316000 ms  DeleteObjects: 0.012400 ms)

========================================================================
Received Import Request.
  Time since last request: 23.167804 seconds.
  path: Assets/Resources/Prefabs/Enemies/Enemy Cube.prefab
  artifactKey: Guid(996f3c9b6aaaa7f4eb9dfe72602386ef) Importer(815301076,1909f56bfc062723c751e8b465ee728b)
Start importing Assets/Resources/Prefabs/Enemies/Enemy Cube.prefab using Guid(996f3c9b6aaaa7f4eb9dfe72602386ef) Importer(815301076,1909f56bfc062723c751e8b465ee728b)  -> (artifact id: '77c43493522089972ee873e264bdfb8e') in 0.076661 seconds
  Import took 0.078476 seconds .

========================================================================
Received Prepare
Registering precompiled user dll's ...
Registered in 0.000531 seconds.
Begin MonoManager ReloadAssembly
Native extension for WindowsStandalone target not found
Native extension for WebGL target not found
Refreshing native plugins compatible for Editor in 0.20 ms, found 0 plugins.
Preloading 0 native plugins for Editor in 0.00 ms.
Invoked RoslynAnalysisRunner static constructor.
RoslynAnalysisRunner will not be running.
RoslynAnalysisRunner has terminated.
Mono: successfully reloaded assembly
- Completed reload, in  0.704 seconds
Platform modules already initialized, skipping
Refreshing native plugins compatible for Editor in 0.19 ms, found 0 plugins.
Preloading 0 native plugins for Editor in 0.00 ms.
Unloading 1107 Unused Serialized files (Serialized files now loaded: 0)
System memory in use before: 134.9 MB.
System memory in use after: 135.0 MB.

Unloading 7 unused Assets to reduce memory usage. Loaded Objects now: 1696.
Total: 1.586800 ms (FindLiveObjects: 0.141500 ms CreateObjectMapping: 0.033200 ms MarkObjects: 1.359900 ms  DeleteObjects: 0.051100 ms)

========================================================================
Received Import Request.
  Time since last request: 12.261975 seconds.
  path: Assets/Resources/Prefabs/Enemies/Enemy Cube.prefab
  artifactKey: Guid(996f3c9b6aaaa7f4eb9dfe72602386ef) Importer(815301076,1909f56bfc062723c751e8b465ee728b)
Start importing Assets/Resources/Prefabs/Enemies/Enemy Cube.prefab using Guid(996f3c9b6aaaa7f4eb9dfe72602386ef) Importer(815301076,1909f56bfc062723c751e8b465ee728b)  -> (artifact id: '66f16c810d5e3faee3e185511a808a93') in 0.050414 seconds
  Import took 0.059080 seconds .

========================================================================
Received Prepare
Registering precompiled user dll's ...
Registered in 0.000528 seconds.
Begin MonoManager ReloadAssembly
Native extension for WindowsStandalone target not found
Native extension for WebGL target not found
Refreshing native plugins compatible for Editor in 0.19 ms, found 0 plugins.
Preloading 0 native plugins for Editor in 0.00 ms.
Invoked RoslynAnalysisRunner static constructor.
RoslynAnalysisRunner will not be running.
RoslynAnalysisRunner has terminated.
Mono: successfully reloaded assembly
- Completed reload, in  0.682 seconds
Platform modules already initialized, skipping
Refreshing native plugins compatible for Editor in 0.20 ms, found 0 plugins.
Preloading 0 native plugins for Editor in 0.00 ms.
Unloading 1107 Unused Serialized files (Serialized files now loaded: 0)
System memory in use before: 134.8 MB.
System memory in use after: 134.9 MB.

Unloading 7 unused Assets to reduce memory usage. Loaded Objects now: 1699.
Total: 1.565100 ms (FindLiveObjects: 0.130700 ms CreateObjectMapping: 0.037200 ms MarkObjects: 1.347100 ms  DeleteObjects: 0.049500 ms)

========================================================================
Received Prepare
Registering precompiled user dll's ...
Registered in 0.000487 seconds.
Begin MonoManager ReloadAssembly
Native extension for WindowsStandalone target not found
Native extension for WebGL target not found
Refreshing native plugins compatible for Editor in 0.20 ms, found 0 plugins.
Preloading 0 native plugins for Editor in 0.00 ms.
Invoked RoslynAnalysisRunner static constructor.
RoslynAnalysisRunner will not be running.
RoslynAnalysisRunner has terminated.
Mono: successfully reloaded assembly
- Completed reload, in  0.695 seconds
Platform modules already initialized, skipping
Refreshing native plugins compatible for Editor in 0.19 ms, found 0 plugins.
Preloading 0 native plugins for Editor in 0.00 ms.
Unloading 1107 Unused Serialized files (Serialized files now loaded: 0)
System memory in use before: 134.9 MB.
System memory in use after: 135.0 MB.

Unloading 4 unused Assets to reduce memory usage. Loaded Objects now: 1701.
Total: 1.403900 ms (FindLiveObjects: 0.124300 ms CreateObjectMapping: 0.033200 ms MarkObjects: 1.233400 ms  DeleteObjects: 0.012100 ms)

AssetImportWorkerClient::OnTransportError - code=2 error=End of file
